<?xml version="1.0" encoding="UTF-8"?>
<!-- Generated by org.testng.reporters.JUnitXMLReporter -->
<testsuite ignored="2" hostname="PC05" failures="1" tests="72" name="ChromeTest" time="21.628" errors="0" timestamp="2019-10-29T15:56:39 EDT">
  <testcase classname="TestCases.LoginPageTest" name="TitleTest" time="0.0"/>
  <testcase classname="TestCases.LoginPageTest" name="Test_Logo" time="0.189"/>
  <testcase classname="TestCases.LoginPageTest" name="Test_TopSignUp" time="0.175"/>
  <testcase classname="TestCases.LoginPageTest" name="Test_TopSignIn" time="0.16"/>
  <testcase classname="TestCases.LoginPageTest" name="Test_Welcome" time="0.167"/>
  <testcase classname="TestCases.LoginPageTest" name="Test_UserName" time="0.161"/>
  <testcase classname="TestCases.LoginPageTest" name="Test_Password" time="0.18"/>
  <testcase classname="TestCases.LoginPageTest" name="Test_LoginBtn" time="0.182"/>
  <testcase classname="TestCases.LoginPageTest" name="Test_RememberMe" time="0.144"/>
  <testcase classname="TestCases.LoginPageTest" name="Test_ForgotPWD" time="0.16"/>
  <testcase classname="TestCases.LoginPageTest" name="Test_NotMember" time="0.151"/>
  <testcase classname="TestCases.LoginPageTest" name="Test_SignUpBtn" time="0.149"/>
  <testcase classname="TestCases.LoginPageTest" name="Test_WrongLogin" time="5.858">
    <failure type="org.openqa.selenium.NoSuchElementException" message="no such element: Unable to locate element: {&amp;quot;method&amp;quot;:&amp;quot;xpath&amp;quot;,&amp;quot;selector&amp;quot;:&amp;quot;//span[text()=&amp;apos;Your login attempt has failed. The username or password may be incorrect, or your access may be restricted. Please contact the administrator for help.&amp;apos;]&amp;quot;}
  (Session info: chrome=78.0.3904.70)
For documentation on this error, please visit: https://www.seleniumhq.org/exceptions/no_such_element.html
Build info: version: &amp;apos;3.141.59&amp;apos;, revision: &amp;apos;e82be7d358&amp;apos;, time: &amp;apos;2018-11-14T08:17:03&amp;apos;
System info: host: &amp;apos;PC05&amp;apos;, ip: &amp;apos;192.168.0.134&amp;apos;, os.name: &amp;apos;Windows 10&amp;apos;, os.arch: &amp;apos;amd64&amp;apos;, os.version: &amp;apos;10.0&amp;apos;, java.version: &amp;apos;13.0.1&amp;apos;
Driver info: org.openqa.selenium.chrome.ChromeDriver
Capabilities {acceptInsecureCerts: false, browserName: chrome, browserVersion: 78.0.3904.70, chrome: {chromedriverVersion: 78.0.3904.70 (edb9c9f3de024..., userDataDir: C:\Users\SIMON~1.NOV\AppDat...}, goog:chromeOptions: {debuggerAddress: localhost:50335}, javascriptEnabled: true, networkConnectionEnabled: false, pageLoadStrategy: normal, platform: XP, platformName: XP, proxy: Proxy(), setWindowRect: true, strictFileInteractability: false, timeouts: {implicit: 0, pageLoad: 300000, script: 30000}, unhandledPromptBehavior: dismiss and notify}
Session ID: 7203a82eb27883d8c11df15f01080e13
*** Element info: {Using=xpath, value=//span[text()=&amp;apos;Your login attempt has failed. The username or password may be incorrect, or your access may be restricted. Please contact the administrator for help.&amp;apos;]}">
      <![CDATA[org.openqa.selenium.NoSuchElementException: no such element: Unable to locate element: {"method":"xpath","selector":"//span[text()='Your login attempt has failed. The username or password may be incorrect, or your access may be restricted. Please contact the administrator for help.']"}
  (Session info: chrome=78.0.3904.70)
For documentation on this error, please visit: https://www.seleniumhq.org/exceptions/no_such_element.html
Build info: version: '3.141.59', revision: 'e82be7d358', time: '2018-11-14T08:17:03'
System info: host: 'PC05', ip: '192.168.0.134', os.name: 'Windows 10', os.arch: 'amd64', os.version: '10.0', java.version: '13.0.1'
Driver info: org.openqa.selenium.chrome.ChromeDriver
Capabilities {acceptInsecureCerts: false, browserName: chrome, browserVersion: 78.0.3904.70, chrome: {chromedriverVersion: 78.0.3904.70 (edb9c9f3de024..., userDataDir: C:\Users\SIMON~1.NOV\AppDat...}, goog:chromeOptions: {debuggerAddress: localhost:50335}, javascriptEnabled: true, networkConnectionEnabled: false, pageLoadStrategy: normal, platform: XP, platformName: XP, proxy: Proxy(), setWindowRect: true, strictFileInteractability: false, timeouts: {implicit: 0, pageLoad: 300000, script: 30000}, unhandledPromptBehavior: dismiss and notify}
Session ID: 7203a82eb27883d8c11df15f01080e13
*** Element info: {Using=xpath, value=//span[text()='Your login attempt has failed. The username or password may be incorrect, or your access may be restricted. Please contact the administrator for help.']}
at org.openqa.selenium.remote.http.W3CHttpResponseCodec.createException(W3CHttpResponseCodec.java:187)
at org.openqa.selenium.remote.http.W3CHttpResponseCodec.decode(W3CHttpResponseCodec.java:122)
at org.openqa.selenium.remote.http.W3CHttpResponseCodec.decode(W3CHttpResponseCodec.java:49)
at org.openqa.selenium.remote.HttpCommandExecutor.execute(HttpCommandExecutor.java:158)
at org.openqa.selenium.remote.service.DriverCommandExecutor.execute(DriverCommandExecutor.java:83)
at org.openqa.selenium.remote.RemoteWebDriver.execute(RemoteWebDriver.java:552)
at org.openqa.selenium.remote.RemoteWebDriver.findElement(RemoteWebDriver.java:323)
at org.openqa.selenium.remote.RemoteWebDriver.findElementByXPath(RemoteWebDriver.java:428)
at org.openqa.selenium.By$ByXPath.findElement(By.java:353)
at org.openqa.selenium.remote.RemoteWebDriver.findElement(RemoteWebDriver.java:315)
at org.openqa.selenium.support.pagefactory.DefaultElementLocator.findElement(DefaultElementLocator.java:69)
at org.openqa.selenium.support.pagefactory.internal.LocatingElementHandler.invoke(LocatingElementHandler.java:38)
at com.sun.proxy.$Proxy27.isDisplayed(Unknown Source)
at Pages.LoginPage.verify_WrongLogin(LoginPage.java:120)
at TestCases.LoginPageTest.Test_WrongLogin(LoginPageTest.java:97)
... Removed 41 stack frames]]>
    </failure>
  </testcase> <!-- Test_WrongLogin -->
  <testcase classname="TestCases.LoginPageTest" name="Test_CorrectLogin" time="3.437"/>
  <testcase classname="TestCases.HomePageTest" name="TitleTest" time="0.006"/>
  <testcase classname="TestCases.HomePageTest" name="Test_HomePageLogo" time="0.144"/>
  <testcase classname="TestCases.HomePageTest" name="Test_PartnerHome" time="0.169"/>
  <testcase classname="TestCases.HomePageTest" name="Test_ManageTeam" time="0.157"/>
  <testcase classname="TestCases.HomePageTest" name="Test_DealRegistrations" time="0.166"/>
  <testcase classname="TestCases.HomePageTest" name="Test_Opportunities" time="0.164"/>
  <testcase classname="TestCases.HomePageTest" name="Test_Accounts" time="0.156"/>
  <testcase classname="TestCases.HomePageTest" name="Test_Resources" time="0.154"/>
  <testcase classname="TestCases.HomePageTest" name="Test_MarketingCenter" time="0.146"/>
  <testcase classname="TestCases.HomePageTest" name="Test_Reports" time="0.166"/>
  <testcase classname="TestCases.HomePageTest" name="Test_Documents" time="0.162"/>
  <testcase classname="TestCases.HomePageTest" name="Test_DropDown" time="0.843"/>
  <testcase classname="TestCases.HomePageTest" name="Test_Training" time="0.166"/>
  <testcase classname="TestCases.HomePageTest" name="Test_MDF" time="0.144"/>
  <testcase classname="TestCases.HomePageTest" name="Test_Marketplace" time="0.141"/>
  <testcase classname="TestCases.HomePageTest" name="Test_MarketplacePublishing" time="0.145"/>
  <testcase classname="TestCases.HomePageTest" name="Test_Ideas" time="0.157"/>
  <testcase classname="TestCases.HomePageTest" name="Test_NewsFeed" time="0.149"/>
  <testcase classname="TestCases.HomePageTest" name="Test_PartnerTraining" time="0.142"/>
  <testcase classname="TestCases.HomePageTest" name="Test_PortalConfiguration" time="0.163"/>
  <testcase classname="TestCases.HomePageTest" name="Test_More" time="0.144"/>
  <testcase classname="TestCases.HomePageTest" name="Test_Accounts2" time="0.899"/>
  <testcase classname="TestCases.HomePageTest" name="Test_ApplianceRequestForm" time="0.137"/>
  <testcase classname="TestCases.HomePageTest" name="Test_Campaigns" time="0.142"/>
  <testcase classname="TestCases.HomePageTest" name="Test_Community" time="0.141"/>
  <testcase classname="TestCases.HomePageTest" name="Test_CustomerHome" time="0.159"/>
  <testcase classname="TestCases.HomePageTest" name="Test_DealRegistrations2" time="0.162"/>
  <testcase classname="TestCases.HomePageTest" name="Test_Directory" time="0.142"/>
  <testcase classname="TestCases.HomePageTest" name="Test_Documents2" time="0.156"/>
  <testcase classname="TestCases.HomePageTest" name="Test_EngagementDashboard" time="0.141"/>
  <testcase classname="TestCases.HomePageTest" name="Test_EventsCalendar2" time="0.143"/>
  <testcase classname="TestCases.HomePageTest" name="Test_TechStore" time="0.143"/>
  <testcase classname="TestCases.HomePageTest" name="Test_Forums" time="0.146"/>
  <testcase classname="TestCases.HomePageTest" name="Test_GoToMeeting" time="0.148"/>
  <testcase classname="TestCases.HomePageTest" name="Test_Groups" time="0.142"/>
  <testcase classname="TestCases.HomePageTest" name="Test_HelpTickets" time="0.152"/>
  <testcase classname="TestCases.HomePageTest" name="Test_Ideas2" time="0.147"/>
  <testcase classname="TestCases.HomePageTest" name="Test_KnowledgeBase" time="0.145"/>
  <testcase classname="TestCases.HomePageTest" name="Test_LLPlaybox" time="0.151"/>
  <testcase classname="TestCases.HomePageTest" name="Test_ManageTeam2" time="0.15"/>
  <testcase classname="TestCases.HomePageTest" name="Test_MarketingCenter2" time="0.16"/>
  <testcase classname="TestCases.HomePageTest" name="Test_Marketplace2" time="0.149"/>
  <testcase classname="TestCases.HomePageTest" name="Test_MarketplacePublishing2" time="0.142"/>
  <testcase classname="TestCases.HomePageTest" name="Test_MDFRequests" time="0.141"/>
  <testcase classname="TestCases.HomePageTest" name="Test_NewPartnerTraining" time="0.138"/>
  <testcase classname="TestCases.HomePageTest" name="Test_Newsfeed" time="0.14"/>
  <testcase classname="TestCases.HomePageTest" name="Test_Opportunities2" time="0.141"/>
  <testcase classname="TestCases.HomePageTest" name="Test_PartnerDashboard" time="0.15"/>
  <testcase classname="TestCases.HomePageTest" name="Test_PartnerHome2" time="0.15"/>
  <testcase classname="TestCases.HomePageTest" name="Test_Pipeline" time="0.14"/>
  <testcase classname="TestCases.HomePageTest" name="Test_Playbooks" time="0.14"/>
  <testcase classname="TestCases.HomePageTest" name="Test_PortalConfiguration2" time="0.138"/>
  <testcase classname="TestCases.HomePageTest" name="Test_PRMHome" time="0.154"/>
  <testcase classname="TestCases.HomePageTest" name="Test_Reports2" time="0.145"/>
  <testcase classname="TestCases.HomePageTest" name="Test_Resources2" time="0.149"/>
  <testcase classname="TestCases.HomePageTest" name="Test_StartHere" time="0.151"/>
  <testcase classname="TestCases.HomePageTest" name="Test_Training2" time="0.143"/>
  <testcase classname="TestCases.HomePageTest" name="Test_UpdateOpportunity" time="0.136"/>
  <testcase classname="Base.TestBase" name="@BeforeSuite BeforeSuite" time="0.0">
    <ignored/>
  </testcase> <!-- @BeforeSuite BeforeSuite -->
  <testcase classname="Base.TestBase" name="@AfterSuite AfterSuite" time="0.0">
    <ignored/>
  </testcase> <!-- @AfterSuite AfterSuite -->
</testsuite> <!-- ChromeTest -->
