<html>
<head>
<title>TestNG:  ChromeTest</title>
<link href="../testng.css" rel="stylesheet" type="text/css" />
<link href="../my-testng.css" rel="stylesheet" type="text/css" />

<style type="text/css">
.log { display: none;} 
.stack-trace { display: none;} 
</style>
<script type="text/javascript">
<!--
function flip(e) {
  current = e.style.display;
  if (current == 'block') {
    e.style.display = 'none';
    return 0;
  }
  else {
    e.style.display = 'block';
    return 1;
  }
}

function toggleBox(szDivId, elem, msg1, msg2)
{
  var res = -1;  if (document.getElementById) {
    res = flip(document.getElementById(szDivId));
  }
  else if (document.all) {
    // this is the way old msie versions work
    res = flip(document.all[szDivId]);
  }
  if(elem) {
    if(res == 0) elem.innerHTML = msg1; else elem.innerHTML = msg2;
  }

}

function toggleAllBoxes() {
  if (document.getElementsByTagName) {
    d = document.getElementsByTagName('div');
    for (i = 0; i < d.length; i++) {
      if (d[i].className == 'log') {
        flip(d[i]);
      }
    }
  }
}

// -->
</script>

</head>
<body>
<h2 align='center'>ChromeTest</h2><table border='1' align="center">
<tr>
<td>Tests passed/Failed/Skipped:</td><td>71/1/0</td>
</tr><tr>
<td>Started on:</td><td>Tue Oct 29 15:56:18 EDT 2019</td>
</tr>
<tr><td>Total time:</td><td>21 seconds (21628 ms)</td>
</tr><tr>
<td>Included groups:</td><td></td>
</tr><tr>
<td>Excluded groups:</td><td></td>
</tr>
</table><p/>
<small><i>(Hover the method name to see the test class name)</i></small><p/>
<table width='100%' border='1' class='invocation-failed'>
<tr><td colspan='4' align='center'><b>FAILED TESTS</b></td></tr>
<tr><td><b>Test method</b></td>
<td width="30%"><b>Exception</b></td>
<td width="10%"><b>Time (seconds)</b></td>
<td><b>Instance</b></td>
</tr>
<tr>
<td title='TestCases.LoginPageTest.Test_WrongLogin()'><b>Test_WrongLogin</b><br>Test class: TestCases.LoginPageTest</td>
<td><div><pre>org.openqa.selenium.NoSuchElementException: no such element: Unable to locate element: {&quot;method&quot;:&quot;xpath&quot;,&quot;selector&quot;:&quot;//span[text()=&apos;Your login attempt has failed. The username or password may be incorrect, or your access may be restricted. Please contact the administrator for help.&apos;]&quot;}
  (Session info: chrome=78.0.3904.70)
For documentation on this error, please visit: https://www.seleniumhq.org/exceptions/no_such_element.html
Build info: version: &apos;3.141.59&apos;, revision: &apos;e82be7d358&apos;, time: &apos;2018-11-14T08:17:03&apos;
System info: host: &apos;PC05&apos;, ip: &apos;192.168.0.134&apos;, os.name: &apos;Windows 10&apos;, os.arch: &apos;amd64&apos;, os.version: &apos;10.0&apos;, java.version: &apos;13.0.1&apos;
Driver info: org.openqa.selenium.chrome.ChromeDriver
Capabilities {acceptInsecureCerts: false, browserName: chrome, browserVersion: 78.0.3904.70, chrome: {chromedriverVersion: 78.0.3904.70 (edb9c9f3de024..., userDataDir: C:\Users\SIMON~1.NOV\AppDat...}, goog:chromeOptions: {debuggerAddress: localhost:50335}, javascriptEnabled: true, networkConnectionEnabled: false, pageLoadStrategy: normal, platform: XP, platformName: XP, proxy: Proxy(), setWindowRect: true, strictFileInteractability: false, timeouts: {implicit: 0, pageLoad: 300000, script: 30000}, unhandledPromptBehavior: dismiss and notify}
Session ID: 7203a82eb27883d8c11df15f01080e13
*** Element info: {Using=xpath, value=//span[text()=&apos;Your login attempt has failed. The username or password may be incorrect, or your access may be restricted. Please contact the administrator for help.&apos;]}
	at org.openqa.selenium.remote.http.W3CHttpResponseCodec.createException(W3CHttpResponseCodec.java:187)
	at org.openqa.selenium.remote.http.W3CHttpResponseCodec.decode(W3CHttpResponseCodec.java:122)
	at org.openqa.selenium.remote.http.W3CHttpResponseCodec.decode(W3CHttpResponseCodec.java:49)
	at org.openqa.selenium.remote.HttpCommandExecutor.execute(HttpCommandExecutor.java:158)
	at org.openqa.selenium.remote.service.DriverCommandExecutor.execute(DriverCommandExecutor.java:83)
	at org.openqa.selenium.remote.RemoteWebDriver.execute(RemoteWebDriver.java:552)
	at org.openqa.selenium.remote.RemoteWebDriver.findElement(RemoteWebDriver.java:323)
	at org.openqa.selenium.remote.RemoteWebDriver.findElementByXPath(RemoteWebDriver.java:428)
	at org.openqa.selenium.By$ByXPath.findElement(By.java:353)
	at org.openqa.selenium.remote.RemoteWebDriver.findElement(RemoteWebDriver.java:315)
	at org.openqa.selenium.support.pagefactory.DefaultElementLocator.findElement(DefaultElementLocator.java:69)
	at org.openqa.selenium.support.pagefactory.internal.LocatingElementHandler.invoke(LocatingElementHandler.java:38)
	at com.sun.proxy.$Proxy27.isDisplayed(Unknown Source)
	at Pages.LoginPage.verify_WrongLogin(LoginPage.java:120)
	at TestCases.LoginPageTest.Test_WrongLogin(LoginPageTest.java:97)
... Removed 41 stack frames</pre></div><a href='#' onClick='toggleBox("stack-trace81355344", this, "Click to show all stack frames", "Click to hide stack frames")'>Click to show all stack frames</a>
<div class='stack-trace' id='stack-trace81355344'><pre>org.openqa.selenium.NoSuchElementException: no such element: Unable to locate element: {&quot;method&quot;:&quot;xpath&quot;,&quot;selector&quot;:&quot;//span[text()=&apos;Your login attempt has failed. The username or password may be incorrect, or your access may be restricted. Please contact the administrator for help.&apos;]&quot;}
  (Session info: chrome=78.0.3904.70)
For documentation on this error, please visit: https://www.seleniumhq.org/exceptions/no_such_element.html
Build info: version: &apos;3.141.59&apos;, revision: &apos;e82be7d358&apos;, time: &apos;2018-11-14T08:17:03&apos;
System info: host: &apos;PC05&apos;, ip: &apos;192.168.0.134&apos;, os.name: &apos;Windows 10&apos;, os.arch: &apos;amd64&apos;, os.version: &apos;10.0&apos;, java.version: &apos;13.0.1&apos;
Driver info: org.openqa.selenium.chrome.ChromeDriver
Capabilities {acceptInsecureCerts: false, browserName: chrome, browserVersion: 78.0.3904.70, chrome: {chromedriverVersion: 78.0.3904.70 (edb9c9f3de024..., userDataDir: C:\Users\SIMON~1.NOV\AppDat...}, goog:chromeOptions: {debuggerAddress: localhost:50335}, javascriptEnabled: true, networkConnectionEnabled: false, pageLoadStrategy: normal, platform: XP, platformName: XP, proxy: Proxy(), setWindowRect: true, strictFileInteractability: false, timeouts: {implicit: 0, pageLoad: 300000, script: 30000}, unhandledPromptBehavior: dismiss and notify}
Session ID: 7203a82eb27883d8c11df15f01080e13
*** Element info: {Using=xpath, value=//span[text()=&apos;Your login attempt has failed. The username or password may be incorrect, or your access may be restricted. Please contact the administrator for help.&apos;]}
	at java.base/jdk.internal.reflect.NativeConstructorAccessorImpl.newInstance0(Native Method)
	at java.base/jdk.internal.reflect.NativeConstructorAccessorImpl.newInstance(NativeConstructorAccessorImpl.java:62)
	at java.base/jdk.internal.reflect.DelegatingConstructorAccessorImpl.newInstance(DelegatingConstructorAccessorImpl.java:45)
	at java.base/java.lang.reflect.Constructor.newInstanceWithCaller(Constructor.java:500)
	at java.base/java.lang.reflect.Constructor.newInstance(Constructor.java:481)
	at org.openqa.selenium.remote.http.W3CHttpResponseCodec.createException(W3CHttpResponseCodec.java:187)
	at org.openqa.selenium.remote.http.W3CHttpResponseCodec.decode(W3CHttpResponseCodec.java:122)
	at org.openqa.selenium.remote.http.W3CHttpResponseCodec.decode(W3CHttpResponseCodec.java:49)
	at org.openqa.selenium.remote.HttpCommandExecutor.execute(HttpCommandExecutor.java:158)
	at org.openqa.selenium.remote.service.DriverCommandExecutor.execute(DriverCommandExecutor.java:83)
	at org.openqa.selenium.remote.RemoteWebDriver.execute(RemoteWebDriver.java:552)
	at org.openqa.selenium.remote.RemoteWebDriver.findElement(RemoteWebDriver.java:323)
	at org.openqa.selenium.remote.RemoteWebDriver.findElementByXPath(RemoteWebDriver.java:428)
	at org.openqa.selenium.By$ByXPath.findElement(By.java:353)
	at org.openqa.selenium.remote.RemoteWebDriver.findElement(RemoteWebDriver.java:315)
	at org.openqa.selenium.support.pagefactory.DefaultElementLocator.findElement(DefaultElementLocator.java:69)
	at org.openqa.selenium.support.pagefactory.internal.LocatingElementHandler.invoke(LocatingElementHandler.java:38)
	at com.sun.proxy.$Proxy27.isDisplayed(Unknown Source)
	at Pages.LoginPage.verify_WrongLogin(LoginPage.java:120)
	at TestCases.LoginPageTest.Test_WrongLogin(LoginPageTest.java:97)
	at java.base/jdk.internal.reflect.NativeMethodAccessorImpl.invoke0(Native Method)
	at java.base/jdk.internal.reflect.NativeMethodAccessorImpl.invoke(NativeMethodAccessorImpl.java:62)
	at java.base/jdk.internal.reflect.DelegatingMethodAccessorImpl.invoke(DelegatingMethodAccessorImpl.java:43)
	at java.base/java.lang.reflect.Method.invoke(Method.java:567)
	at org.testng.internal.MethodInvocationHelper.invokeMethod(MethodInvocationHelper.java:131)
	at org.testng.internal.TestInvoker.invokeMethod(TestInvoker.java:570)
	at org.testng.internal.TestInvoker.invokeTestMethod(TestInvoker.java:170)
	at org.testng.internal.MethodRunner.runInSequence(MethodRunner.java:46)
	at org.testng.internal.TestInvoker$MethodInvocationAgent.invoke(TestInvoker.java:790)
	at org.testng.internal.TestInvoker.invokeTestMethods(TestInvoker.java:143)
	at org.testng.internal.TestMethodWorker.invokeTestMethods(TestMethodWorker.java:146)
	at org.testng.internal.TestMethodWorker.run(TestMethodWorker.java:128)
	at org.testng.TestRunner.privateRun(TestRunner.java:763)
	at org.testng.TestRunner.run(TestRunner.java:594)
	at org.testng.SuiteRunner.runTest(SuiteRunner.java:398)
	at org.testng.SuiteRunner.runSequentially(SuiteRunner.java:392)
	at org.testng.SuiteRunner.privateRun(SuiteRunner.java:355)
	at org.testng.SuiteRunner.run(SuiteRunner.java:304)
	at org.testng.SuiteRunnerWorker.runSuite(SuiteRunnerWorker.java:53)
	at org.testng.SuiteRunnerWorker.run(SuiteRunnerWorker.java:96)
	at org.testng.TestNG.runSuitesSequentially(TestNG.java:1146)
	at org.testng.TestNG.runSuitesLocally(TestNG.java:1067)
	at org.testng.TestNG.runSuites(TestNG.java:997)
	at org.testng.TestNG.run(TestNG.java:965)
	at org.apache.maven.surefire.testng.TestNGExecutor.run(TestNGExecutor.java:178)
	at org.apache.maven.surefire.testng.TestNGXmlTestSuite.execute(TestNGXmlTestSuite.java:92)
	at org.apache.maven.surefire.testng.TestNGProvider.invoke(TestNGProvider.java:96)
	at java.base/jdk.internal.reflect.NativeMethodAccessorImpl.invoke0(Native Method)
	at java.base/jdk.internal.reflect.NativeMethodAccessorImpl.invoke(NativeMethodAccessorImpl.java:62)
	at java.base/jdk.internal.reflect.DelegatingMethodAccessorImpl.invoke(DelegatingMethodAccessorImpl.java:43)
	at java.base/java.lang.reflect.Method.invoke(Method.java:567)
	at org.apache.maven.surefire.util.ReflectionUtils.invokeMethodWithArray2(ReflectionUtils.java:208)
	at org.apache.maven.surefire.booter.ProviderFactory$ProviderProxy.invoke(ProviderFactory.java:159)
	at org.apache.maven.surefire.booter.ProviderFactory.invokeProvider(ProviderFactory.java:87)
	at org.apache.maven.surefire.booter.ForkedBooter.runSuitesInProcess(ForkedBooter.java:153)
	at org.apache.maven.surefire.booter.ForkedBooter.main(ForkedBooter.java:95)
</pre></div></td>
<td>5</td>
<td>TestCases.LoginPageTest@5e17553a</td></tr>
</table><p>
<table width='100%' border='1' class='invocation-passed'>
<tr><td colspan='4' align='center'><b>PASSED TESTS</b></td></tr>
<tr><td><b>Test method</b></td>
<td width="30%"><b>Exception</b></td>
<td width="10%"><b>Time (seconds)</b></td>
<td><b>Instance</b></td>
</tr>
<tr>
<td title='TestCases.HomePageTest.Test_Accounts()'><b>Test_Accounts</b><br>Test class: TestCases.HomePageTest</td>
<td></td>
<td>0</td>
<td>TestCases.HomePageTest@3eb91815</td></tr>
<tr>
<td title='TestCases.HomePageTest.Test_Accounts2()'><b>Test_Accounts2</b><br>Test class: TestCases.HomePageTest</td>
<td></td>
<td>0</td>
<td>TestCases.HomePageTest@3eb91815</td></tr>
<tr>
<td title='TestCases.HomePageTest.Test_ApplianceRequestForm()'><b>Test_ApplianceRequestForm</b><br>Test class: TestCases.HomePageTest</td>
<td></td>
<td>0</td>
<td>TestCases.HomePageTest@3eb91815</td></tr>
<tr>
<td title='TestCases.HomePageTest.Test_Campaigns()'><b>Test_Campaigns</b><br>Test class: TestCases.HomePageTest</td>
<td></td>
<td>0</td>
<td>TestCases.HomePageTest@3eb91815</td></tr>
<tr>
<td title='TestCases.HomePageTest.Test_Community()'><b>Test_Community</b><br>Test class: TestCases.HomePageTest</td>
<td></td>
<td>0</td>
<td>TestCases.HomePageTest@3eb91815</td></tr>
<tr>
<td title='TestCases.LoginPageTest.Test_CorrectLogin()'><b>Test_CorrectLogin</b><br>Test class: TestCases.LoginPageTest</td>
<td></td>
<td>3</td>
<td>TestCases.LoginPageTest@5e17553a</td></tr>
<tr>
<td title='TestCases.HomePageTest.Test_CustomerHome()'><b>Test_CustomerHome</b><br>Test class: TestCases.HomePageTest</td>
<td></td>
<td>0</td>
<td>TestCases.HomePageTest@3eb91815</td></tr>
<tr>
<td title='TestCases.HomePageTest.Test_DealRegistrations()'><b>Test_DealRegistrations</b><br>Test class: TestCases.HomePageTest</td>
<td></td>
<td>0</td>
<td>TestCases.HomePageTest@3eb91815</td></tr>
<tr>
<td title='TestCases.HomePageTest.Test_DealRegistrations2()'><b>Test_DealRegistrations2</b><br>Test class: TestCases.HomePageTest</td>
<td></td>
<td>0</td>
<td>TestCases.HomePageTest@3eb91815</td></tr>
<tr>
<td title='TestCases.HomePageTest.Test_Directory()'><b>Test_Directory</b><br>Test class: TestCases.HomePageTest</td>
<td></td>
<td>0</td>
<td>TestCases.HomePageTest@3eb91815</td></tr>
<tr>
<td title='TestCases.HomePageTest.Test_Documents()'><b>Test_Documents</b><br>Test class: TestCases.HomePageTest</td>
<td></td>
<td>0</td>
<td>TestCases.HomePageTest@3eb91815</td></tr>
<tr>
<td title='TestCases.HomePageTest.Test_Documents2()'><b>Test_Documents2</b><br>Test class: TestCases.HomePageTest</td>
<td></td>
<td>0</td>
<td>TestCases.HomePageTest@3eb91815</td></tr>
<tr>
<td title='TestCases.HomePageTest.Test_DropDown()'><b>Test_DropDown</b><br>Test class: TestCases.HomePageTest</td>
<td></td>
<td>0</td>
<td>TestCases.HomePageTest@3eb91815</td></tr>
<tr>
<td title='TestCases.HomePageTest.Test_EngagementDashboard()'><b>Test_EngagementDashboard</b><br>Test class: TestCases.HomePageTest</td>
<td></td>
<td>0</td>
<td>TestCases.HomePageTest@3eb91815</td></tr>
<tr>
<td title='TestCases.HomePageTest.Test_EventsCalendar2()'><b>Test_EventsCalendar2</b><br>Test class: TestCases.HomePageTest</td>
<td></td>
<td>0</td>
<td>TestCases.HomePageTest@3eb91815</td></tr>
<tr>
<td title='TestCases.LoginPageTest.Test_ForgotPWD()'><b>Test_ForgotPWD</b><br>Test class: TestCases.LoginPageTest</td>
<td></td>
<td>0</td>
<td>TestCases.LoginPageTest@5e17553a</td></tr>
<tr>
<td title='TestCases.HomePageTest.Test_Forums()'><b>Test_Forums</b><br>Test class: TestCases.HomePageTest</td>
<td></td>
<td>0</td>
<td>TestCases.HomePageTest@3eb91815</td></tr>
<tr>
<td title='TestCases.HomePageTest.Test_GoToMeeting()'><b>Test_GoToMeeting</b><br>Test class: TestCases.HomePageTest</td>
<td></td>
<td>0</td>
<td>TestCases.HomePageTest@3eb91815</td></tr>
<tr>
<td title='TestCases.HomePageTest.Test_Groups()'><b>Test_Groups</b><br>Test class: TestCases.HomePageTest</td>
<td></td>
<td>0</td>
<td>TestCases.HomePageTest@3eb91815</td></tr>
<tr>
<td title='TestCases.HomePageTest.Test_HelpTickets()'><b>Test_HelpTickets</b><br>Test class: TestCases.HomePageTest</td>
<td></td>
<td>0</td>
<td>TestCases.HomePageTest@3eb91815</td></tr>
<tr>
<td title='TestCases.HomePageTest.Test_HomePageLogo()'><b>Test_HomePageLogo</b><br>Test class: TestCases.HomePageTest</td>
<td></td>
<td>0</td>
<td>TestCases.HomePageTest@3eb91815</td></tr>
<tr>
<td title='TestCases.HomePageTest.Test_Ideas()'><b>Test_Ideas</b><br>Test class: TestCases.HomePageTest</td>
<td></td>
<td>0</td>
<td>TestCases.HomePageTest@3eb91815</td></tr>
<tr>
<td title='TestCases.HomePageTest.Test_Ideas2()'><b>Test_Ideas2</b><br>Test class: TestCases.HomePageTest</td>
<td></td>
<td>0</td>
<td>TestCases.HomePageTest@3eb91815</td></tr>
<tr>
<td title='TestCases.HomePageTest.Test_KnowledgeBase()'><b>Test_KnowledgeBase</b><br>Test class: TestCases.HomePageTest</td>
<td></td>
<td>0</td>
<td>TestCases.HomePageTest@3eb91815</td></tr>
<tr>
<td title='TestCases.HomePageTest.Test_LLPlaybox()'><b>Test_LLPlaybox</b><br>Test class: TestCases.HomePageTest</td>
<td></td>
<td>0</td>
<td>TestCases.HomePageTest@3eb91815</td></tr>
<tr>
<td title='TestCases.LoginPageTest.Test_LoginBtn()'><b>Test_LoginBtn</b><br>Test class: TestCases.LoginPageTest</td>
<td></td>
<td>0</td>
<td>TestCases.LoginPageTest@5e17553a</td></tr>
<tr>
<td title='TestCases.LoginPageTest.Test_Logo()'><b>Test_Logo</b><br>Test class: TestCases.LoginPageTest</td>
<td></td>
<td>0</td>
<td>TestCases.LoginPageTest@5e17553a</td></tr>
<tr>
<td title='TestCases.HomePageTest.Test_MDF()'><b>Test_MDF</b><br>Test class: TestCases.HomePageTest</td>
<td></td>
<td>0</td>
<td>TestCases.HomePageTest@3eb91815</td></tr>
<tr>
<td title='TestCases.HomePageTest.Test_MDFRequests()'><b>Test_MDFRequests</b><br>Test class: TestCases.HomePageTest</td>
<td></td>
<td>0</td>
<td>TestCases.HomePageTest@3eb91815</td></tr>
<tr>
<td title='TestCases.HomePageTest.Test_ManageTeam()'><b>Test_ManageTeam</b><br>Test class: TestCases.HomePageTest</td>
<td></td>
<td>0</td>
<td>TestCases.HomePageTest@3eb91815</td></tr>
<tr>
<td title='TestCases.HomePageTest.Test_ManageTeam2()'><b>Test_ManageTeam2</b><br>Test class: TestCases.HomePageTest</td>
<td></td>
<td>0</td>
<td>TestCases.HomePageTest@3eb91815</td></tr>
<tr>
<td title='TestCases.HomePageTest.Test_MarketingCenter()'><b>Test_MarketingCenter</b><br>Test class: TestCases.HomePageTest</td>
<td></td>
<td>0</td>
<td>TestCases.HomePageTest@3eb91815</td></tr>
<tr>
<td title='TestCases.HomePageTest.Test_MarketingCenter2()'><b>Test_MarketingCenter2</b><br>Test class: TestCases.HomePageTest</td>
<td></td>
<td>0</td>
<td>TestCases.HomePageTest@3eb91815</td></tr>
<tr>
<td title='TestCases.HomePageTest.Test_Marketplace()'><b>Test_Marketplace</b><br>Test class: TestCases.HomePageTest</td>
<td></td>
<td>0</td>
<td>TestCases.HomePageTest@3eb91815</td></tr>
<tr>
<td title='TestCases.HomePageTest.Test_Marketplace2()'><b>Test_Marketplace2</b><br>Test class: TestCases.HomePageTest</td>
<td></td>
<td>0</td>
<td>TestCases.HomePageTest@3eb91815</td></tr>
<tr>
<td title='TestCases.HomePageTest.Test_MarketplacePublishing()'><b>Test_MarketplacePublishing</b><br>Test class: TestCases.HomePageTest</td>
<td></td>
<td>0</td>
<td>TestCases.HomePageTest@3eb91815</td></tr>
<tr>
<td title='TestCases.HomePageTest.Test_MarketplacePublishing2()'><b>Test_MarketplacePublishing2</b><br>Test class: TestCases.HomePageTest</td>
<td></td>
<td>0</td>
<td>TestCases.HomePageTest@3eb91815</td></tr>
<tr>
<td title='TestCases.HomePageTest.Test_More()'><b>Test_More</b><br>Test class: TestCases.HomePageTest</td>
<td></td>
<td>0</td>
<td>TestCases.HomePageTest@3eb91815</td></tr>
<tr>
<td title='TestCases.HomePageTest.Test_NewPartnerTraining()'><b>Test_NewPartnerTraining</b><br>Test class: TestCases.HomePageTest</td>
<td></td>
<td>0</td>
<td>TestCases.HomePageTest@3eb91815</td></tr>
<tr>
<td title='TestCases.HomePageTest.Test_NewsFeed()'><b>Test_NewsFeed</b><br>Test class: TestCases.HomePageTest</td>
<td></td>
<td>0</td>
<td>TestCases.HomePageTest@3eb91815</td></tr>
<tr>
<td title='TestCases.HomePageTest.Test_Newsfeed()'><b>Test_Newsfeed</b><br>Test class: TestCases.HomePageTest</td>
<td></td>
<td>0</td>
<td>TestCases.HomePageTest@3eb91815</td></tr>
<tr>
<td title='TestCases.LoginPageTest.Test_NotMember()'><b>Test_NotMember</b><br>Test class: TestCases.LoginPageTest</td>
<td></td>
<td>0</td>
<td>TestCases.LoginPageTest@5e17553a</td></tr>
<tr>
<td title='TestCases.HomePageTest.Test_Opportunities()'><b>Test_Opportunities</b><br>Test class: TestCases.HomePageTest</td>
<td></td>
<td>0</td>
<td>TestCases.HomePageTest@3eb91815</td></tr>
<tr>
<td title='TestCases.HomePageTest.Test_Opportunities2()'><b>Test_Opportunities2</b><br>Test class: TestCases.HomePageTest</td>
<td></td>
<td>0</td>
<td>TestCases.HomePageTest@3eb91815</td></tr>
<tr>
<td title='TestCases.HomePageTest.Test_PRMHome()'><b>Test_PRMHome</b><br>Test class: TestCases.HomePageTest</td>
<td></td>
<td>0</td>
<td>TestCases.HomePageTest@3eb91815</td></tr>
<tr>
<td title='TestCases.HomePageTest.Test_PartnerDashboard()'><b>Test_PartnerDashboard</b><br>Test class: TestCases.HomePageTest</td>
<td></td>
<td>0</td>
<td>TestCases.HomePageTest@3eb91815</td></tr>
<tr>
<td title='TestCases.HomePageTest.Test_PartnerHome()'><b>Test_PartnerHome</b><br>Test class: TestCases.HomePageTest</td>
<td></td>
<td>0</td>
<td>TestCases.HomePageTest@3eb91815</td></tr>
<tr>
<td title='TestCases.HomePageTest.Test_PartnerHome2()'><b>Test_PartnerHome2</b><br>Test class: TestCases.HomePageTest</td>
<td></td>
<td>0</td>
<td>TestCases.HomePageTest@3eb91815</td></tr>
<tr>
<td title='TestCases.HomePageTest.Test_PartnerTraining()'><b>Test_PartnerTraining</b><br>Test class: TestCases.HomePageTest</td>
<td></td>
<td>0</td>
<td>TestCases.HomePageTest@3eb91815</td></tr>
<tr>
<td title='TestCases.LoginPageTest.Test_Password()'><b>Test_Password</b><br>Test class: TestCases.LoginPageTest</td>
<td></td>
<td>0</td>
<td>TestCases.LoginPageTest@5e17553a</td></tr>
<tr>
<td title='TestCases.HomePageTest.Test_Pipeline()'><b>Test_Pipeline</b><br>Test class: TestCases.HomePageTest</td>
<td></td>
<td>0</td>
<td>TestCases.HomePageTest@3eb91815</td></tr>
<tr>
<td title='TestCases.HomePageTest.Test_Playbooks()'><b>Test_Playbooks</b><br>Test class: TestCases.HomePageTest</td>
<td></td>
<td>0</td>
<td>TestCases.HomePageTest@3eb91815</td></tr>
<tr>
<td title='TestCases.HomePageTest.Test_PortalConfiguration()'><b>Test_PortalConfiguration</b><br>Test class: TestCases.HomePageTest</td>
<td></td>
<td>0</td>
<td>TestCases.HomePageTest@3eb91815</td></tr>
<tr>
<td title='TestCases.HomePageTest.Test_PortalConfiguration2()'><b>Test_PortalConfiguration2</b><br>Test class: TestCases.HomePageTest</td>
<td></td>
<td>0</td>
<td>TestCases.HomePageTest@3eb91815</td></tr>
<tr>
<td title='TestCases.LoginPageTest.Test_RememberMe()'><b>Test_RememberMe</b><br>Test class: TestCases.LoginPageTest</td>
<td></td>
<td>0</td>
<td>TestCases.LoginPageTest@5e17553a</td></tr>
<tr>
<td title='TestCases.HomePageTest.Test_Reports()'><b>Test_Reports</b><br>Test class: TestCases.HomePageTest</td>
<td></td>
<td>0</td>
<td>TestCases.HomePageTest@3eb91815</td></tr>
<tr>
<td title='TestCases.HomePageTest.Test_Reports2()'><b>Test_Reports2</b><br>Test class: TestCases.HomePageTest</td>
<td></td>
<td>0</td>
<td>TestCases.HomePageTest@3eb91815</td></tr>
<tr>
<td title='TestCases.HomePageTest.Test_Resources()'><b>Test_Resources</b><br>Test class: TestCases.HomePageTest</td>
<td></td>
<td>0</td>
<td>TestCases.HomePageTest@3eb91815</td></tr>
<tr>
<td title='TestCases.HomePageTest.Test_Resources2()'><b>Test_Resources2</b><br>Test class: TestCases.HomePageTest</td>
<td></td>
<td>0</td>
<td>TestCases.HomePageTest@3eb91815</td></tr>
<tr>
<td title='TestCases.LoginPageTest.Test_SignUpBtn()'><b>Test_SignUpBtn</b><br>Test class: TestCases.LoginPageTest</td>
<td></td>
<td>0</td>
<td>TestCases.LoginPageTest@5e17553a</td></tr>
<tr>
<td title='TestCases.HomePageTest.Test_StartHere()'><b>Test_StartHere</b><br>Test class: TestCases.HomePageTest</td>
<td></td>
<td>0</td>
<td>TestCases.HomePageTest@3eb91815</td></tr>
<tr>
<td title='TestCases.HomePageTest.Test_TechStore()'><b>Test_TechStore</b><br>Test class: TestCases.HomePageTest</td>
<td></td>
<td>0</td>
<td>TestCases.HomePageTest@3eb91815</td></tr>
<tr>
<td title='TestCases.LoginPageTest.Test_TopSignIn()'><b>Test_TopSignIn</b><br>Test class: TestCases.LoginPageTest</td>
<td></td>
<td>0</td>
<td>TestCases.LoginPageTest@5e17553a</td></tr>
<tr>
<td title='TestCases.LoginPageTest.Test_TopSignUp()'><b>Test_TopSignUp</b><br>Test class: TestCases.LoginPageTest</td>
<td></td>
<td>0</td>
<td>TestCases.LoginPageTest@5e17553a</td></tr>
<tr>
<td title='TestCases.HomePageTest.Test_Training()'><b>Test_Training</b><br>Test class: TestCases.HomePageTest</td>
<td></td>
<td>0</td>
<td>TestCases.HomePageTest@3eb91815</td></tr>
<tr>
<td title='TestCases.HomePageTest.Test_Training2()'><b>Test_Training2</b><br>Test class: TestCases.HomePageTest</td>
<td></td>
<td>0</td>
<td>TestCases.HomePageTest@3eb91815</td></tr>
<tr>
<td title='TestCases.HomePageTest.Test_UpdateOpportunity()'><b>Test_UpdateOpportunity</b><br>Test class: TestCases.HomePageTest</td>
<td></td>
<td>0</td>
<td>TestCases.HomePageTest@3eb91815</td></tr>
<tr>
<td title='TestCases.LoginPageTest.Test_UserName()'><b>Test_UserName</b><br>Test class: TestCases.LoginPageTest</td>
<td></td>
<td>0</td>
<td>TestCases.LoginPageTest@5e17553a</td></tr>
<tr>
<td title='TestCases.LoginPageTest.Test_Welcome()'><b>Test_Welcome</b><br>Test class: TestCases.LoginPageTest</td>
<td></td>
<td>0</td>
<td>TestCases.LoginPageTest@5e17553a</td></tr>
<tr>
<td title='TestCases.LoginPageTest.TitleTest()'><b>TitleTest</b><br>Test class: TestCases.LoginPageTest</td>
<td></td>
<td>0</td>
<td>TestCases.LoginPageTest@5e17553a</td></tr>
<tr>
<td title='TestCases.HomePageTest.TitleTest()'><b>TitleTest</b><br>Test class: TestCases.HomePageTest</td>
<td></td>
<td>0</td>
<td>TestCases.HomePageTest@3eb91815</td></tr>
</table><p>
</body>
</html>