<?xml version="1.0" encoding="UTF-8"?>
<testsuite name="TestSuite" time="20.966" tests="72" errors="0" skipped="0" failures="1">
  <properties>
    <property name="java.runtime.name" value="Java(TM) SE Runtime Environment"/>
    <property name="java.vm.version" value="13.0.1+9"/>
    <property name="sun.boot.library.path" value="C:\Program Files\Java\jdk-13.0.1\bin"/>
    <property name="maven.multiModuleProjectDirectory" value="c:\Selenium\MagentrixAutomation"/>
    <property name="java.vm.vendor" value="Oracle Corporation"/>
    <property name="java.vendor.url" value="https://java.oracle.com/"/>
    <property name="guice.disable.misplaced.annotation.check" value="true"/>
    <property name="path.separator" value=";"/>
    <property name="java.vm.name" value="Java HotSpot(TM) 64-Bit Server VM"/>
    <property name="sun.os.patch.level" value=""/>
    <property name="user.script" value=""/>
    <property name="user.country" value="CA"/>
    <property name="sun.java.launcher" value="SUN_STANDARD"/>
    <property name="java.vm.specification.name" value="Java Virtual Machine Specification"/>
    <property name="user.dir" value="c:\Selenium\MagentrixAutomation"/>
    <property name="java.vm.compressedOopsMode" value="32-bit"/>
    <property name="java.runtime.version" value="13.0.1+9"/>
    <property name="os.arch" value="amd64"/>
    <property name="java.io.tmpdir" value="C:\Users\SIMON~1.NOV\AppData\Local\Temp\"/>
    <property name="line.separator" value="&#10;"/>
    <property name="java.vm.specification.vendor" value="Oracle Corporation"/>
    <property name="user.variant" value=""/>
    <property name="os.name" value="Windows 10"/>
    <property name="classworlds.conf" value="C:\Maven\apache-maven-3.6.2-bin\apache-maven-3.6.2\bin\..\bin\m2.conf"/>
    <property name="sun.jnu.encoding" value="Cp1252"/>
    <property name="java.library.path" value="C:\Program Files\Java\jdk-13.0.1\bin;C:\WINDOWS\Sun\Java\bin;C:\WINDOWS\system32;C:\WINDOWS;C:\Program Files (x86)\Intel\iCLS Client\;C:\Program Files\Intel\iCLS Client\;C:\Windows\system32;C:\Windows;C:\Windows\System32\Wbem;C:\Windows\System32\WindowsPowerShell\v1.0\;C:\Program Files (x86)\Intel\Intel(R) Management Engine Components\DAL;C:\Program Files\Intel\Intel(R) Management Engine Components\DAL;C:\Program Files (x86)\Intel\Intel(R) Management Engine Components\IPT;C:\Program Files\Intel\Intel(R) Management Engine Components\IPT;C:\Program Files (x86)\NVIDIA Corporation\PhysX\Common;C:\WINDOWS\system32;C:\WINDOWS;C:\WINDOWS\System32\Wbem;C:\WINDOWS\System32\WindowsPowerShell\v1.0\;C:\WINDOWS\System32\OpenSSH\;C:\Users\Simon.Novshadyan\.dnx\bin;C:\Program Files\Microsoft DNX\Dnvm\;C:\Program Files\Microsoft SQL Server\120\Tools\Binn\;C:\Program Files\Microsoft SQL Server\130\Tools\Binn\;C:\Program Files (x86)\Microsoft SQL Server\150\DTS\Binn\;C:\Program Files\Git\cmd;C:\Program Files\TortoiseGit\bin;C:\Program Files\Java\jdk-13.0.1;C:\Maven\apache-maven-3.6.2-bin\apache-maven-3.6.2\bin;C:\Users\Simon.Novshadyan\AppData\Local\Microsoft\WindowsApps;."/>
    <property name="maven.conf" value="C:\Maven\apache-maven-3.6.2-bin\apache-maven-3.6.2\bin\../conf"/>
    <property name="jdk.debug" value="release"/>
    <property name="java.class.version" value="57.0"/>
    <property name="java.specification.name" value="Java Platform API Specification"/>
    <property name="sun.management.compiler" value="HotSpot 64-Bit Tiered Compilers"/>
    <property name="os.version" value="10.0"/>
    <property name="library.jansi.path" value="C:\Maven\apache-maven-3.6.2-bin\apache-maven-3.6.2\bin\..\lib\jansi-native"/>
    <property name="user.home" value="C:\Users\Simon.Novshadyan"/>
    <property name="user.timezone" value="America/Toronto"/>
    <property name="file.encoding" value="Cp1252"/>
    <property name="java.specification.version" value="13"/>
    <property name="user.name" value="Simon.Novshadyan"/>
    <property name="java.class.path" value="C:\Maven\apache-maven-3.6.2-bin\apache-maven-3.6.2\bin\..\boot\plexus-classworlds-2.6.0.jar"/>
    <property name="java.vm.specification.version" value="13"/>
    <property name="sun.arch.data.model" value="64"/>
    <property name="sun.java.command" value="org.codehaus.plexus.classworlds.launcher.Launcher clean install"/>
    <property name="java.home" value="C:\Program Files\Java\jdk-13.0.1"/>
    <property name="user.language" value="en"/>
    <property name="java.specification.vendor" value="Oracle Corporation"/>
    <property name="java.vm.info" value="mixed mode, sharing"/>
    <property name="java.version" value="13.0.1"/>
    <property name="java.vendor" value="Oracle Corporation"/>
    <property name="sun.stderr.encoding" value="cp437"/>
    <property name="maven.home" value="C:\Maven\apache-maven-3.6.2-bin\apache-maven-3.6.2\bin\.."/>
    <property name="file.separator" value="\"/>
    <property name="java.version.date" value="2019-10-15"/>
    <property name="java.vendor.url.bug" value="https://bugreport.java.com/bugreport/"/>
    <property name="sun.io.unicode.encoding" value="UnicodeLittle"/>
    <property name="sun.cpu.endian" value="little"/>
    <property name="sun.stdout.encoding" value="cp437"/>
    <property name="sun.cpu.isalist" value="amd64"/>
  </properties>
  <testcase name="TitleTest" classname="TestCases.LoginPageTest" time="0"/>
  <testcase name="Test_Logo" classname="TestCases.LoginPageTest" time="0.189"/>
  <testcase name="Test_TopSignUp" classname="TestCases.LoginPageTest" time="0.175"/>
  <testcase name="Test_TopSignIn" classname="TestCases.LoginPageTest" time="0.158"/>
  <testcase name="Test_Welcome" classname="TestCases.LoginPageTest" time="0.163"/>
  <testcase name="Test_UserName" classname="TestCases.LoginPageTest" time="0.159"/>
  <testcase name="Test_Password" classname="TestCases.LoginPageTest" time="0.174"/>
  <testcase name="Test_LoginBtn" classname="TestCases.LoginPageTest" time="0.172"/>
  <testcase name="Test_RememberMe" classname="TestCases.LoginPageTest" time="0.136"/>
  <testcase name="Test_ForgotPWD" classname="TestCases.LoginPageTest" time="0.16"/>
  <testcase name="Test_NotMember" classname="TestCases.LoginPageTest" time="0.149"/>
  <testcase name="Test_SignUpBtn" classname="TestCases.LoginPageTest" time="0.148"/>
  <testcase name="Test_WrongLogin" classname="TestCases.LoginPageTest" time="5.874">
    <failure message="no such element: Unable to locate element: {&quot;method&quot;:&quot;xpath&quot;,&quot;selector&quot;:&quot;//span[text()=&apos;Your login attempt has failed. The username or password may be incorrect, or your access may be restricted. Please contact the administrator for help.&apos;]&quot;}&#10;  (Session info: chrome=78.0.3904.70)&#10;For documentation on this error, please visit: https://www.seleniumhq.org/exceptions/no_such_element.html&#10;Build info: version: &apos;3.141.59&apos;, revision: &apos;e82be7d358&apos;, time: &apos;2018-11-14T08:17:03&apos;&#10;System info: host: &apos;PC05&apos;, ip: &apos;192.168.0.134&apos;, os.name: &apos;Windows 10&apos;, os.arch: &apos;amd64&apos;, os.version: &apos;10.0&apos;, java.version: &apos;13.0.1&apos;&#10;Driver info: org.openqa.selenium.chrome.ChromeDriver&#10;Capabilities {acceptInsecureCerts: false, browserName: chrome, browserVersion: 78.0.3904.70, chrome: {chromedriverVersion: 78.0.3904.70 (edb9c9f3de024..., userDataDir: C:\Users\SIMON~1.NOV\AppDat...}, goog:chromeOptions: {debuggerAddress: localhost:50335}, javascriptEnabled: true, networkConnectionEnabled: false, pageLoadStrategy: normal, platform: XP, platformName: XP, proxy: Proxy(), setWindowRect: true, strictFileInteractability: false, timeouts: {implicit: 0, pageLoad: 300000, script: 30000}, unhandledPromptBehavior: dismiss and notify}&#10;Session ID: 7203a82eb27883d8c11df15f01080e13&#10;*** Element info: {Using=xpath, value=//span[text()=&apos;Your login attempt has failed. The username or password may be incorrect, or your access may be restricted. Please contact the administrator for help.&apos;]}" type="org.openqa.selenium.NoSuchElementException">org.openqa.selenium.NoSuchElementException: no such element: Unable to locate element: {"method":"xpath","selector":"//span[text()='Your login attempt has failed. The username or password may be incorrect, or your access may be restricted. Please contact the administrator for help.']"}
  (Session info: chrome=78.0.3904.70)
For documentation on this error, please visit: https://www.seleniumhq.org/exceptions/no_such_element.html
Build info: version: '3.141.59', revision: 'e82be7d358', time: '2018-11-14T08:17:03'
System info: host: 'PC05', ip: '192.168.0.134', os.name: 'Windows 10', os.arch: 'amd64', os.version: '10.0', java.version: '13.0.1'
Driver info: org.openqa.selenium.chrome.ChromeDriver
Capabilities {acceptInsecureCerts: false, browserName: chrome, browserVersion: 78.0.3904.70, chrome: {chromedriverVersion: 78.0.3904.70 (edb9c9f3de024..., userDataDir: C:\Users\SIMON~1.NOV\AppDat...}, goog:chromeOptions: {debuggerAddress: localhost:50335}, javascriptEnabled: true, networkConnectionEnabled: false, pageLoadStrategy: normal, platform: XP, platformName: XP, proxy: Proxy(), setWindowRect: true, strictFileInteractability: false, timeouts: {implicit: 0, pageLoad: 300000, script: 30000}, unhandledPromptBehavior: dismiss and notify}
Session ID: 7203a82eb27883d8c11df15f01080e13
*** Element info: {Using=xpath, value=//span[text()='Your login attempt has failed. The username or password may be incorrect, or your access may be restricted. Please contact the administrator for help.']}
	at java.base/jdk.internal.reflect.NativeConstructorAccessorImpl.newInstance0(Native Method)
	at java.base/jdk.internal.reflect.NativeConstructorAccessorImpl.newInstance(NativeConstructorAccessorImpl.java:62)
	at java.base/jdk.internal.reflect.DelegatingConstructorAccessorImpl.newInstance(DelegatingConstructorAccessorImpl.java:45)
	at java.base/java.lang.reflect.Constructor.newInstanceWithCaller(Constructor.java:500)
	at java.base/java.lang.reflect.Constructor.newInstance(Constructor.java:481)
	at org.openqa.selenium.remote.http.W3CHttpResponseCodec.createException(W3CHttpResponseCodec.java:187)
	at org.openqa.selenium.remote.http.W3CHttpResponseCodec.decode(W3CHttpResponseCodec.java:122)
	at org.openqa.selenium.remote.http.W3CHttpResponseCodec.decode(W3CHttpResponseCodec.java:49)
	at org.openqa.selenium.remote.HttpCommandExecutor.execute(HttpCommandExecutor.java:158)
	at org.openqa.selenium.remote.service.DriverCommandExecutor.execute(DriverCommandExecutor.java:83)
	at org.openqa.selenium.remote.RemoteWebDriver.execute(RemoteWebDriver.java:552)
	at org.openqa.selenium.remote.RemoteWebDriver.findElement(RemoteWebDriver.java:323)
	at org.openqa.selenium.remote.RemoteWebDriver.findElementByXPath(RemoteWebDriver.java:428)
	at org.openqa.selenium.By$ByXPath.findElement(By.java:353)
	at org.openqa.selenium.remote.RemoteWebDriver.findElement(RemoteWebDriver.java:315)
	at org.openqa.selenium.support.pagefactory.DefaultElementLocator.findElement(DefaultElementLocator.java:69)
	at org.openqa.selenium.support.pagefactory.internal.LocatingElementHandler.invoke(LocatingElementHandler.java:38)
	at com.sun.proxy.$Proxy27.isDisplayed(Unknown Source)
	at Pages.LoginPage.verify_WrongLogin(LoginPage.java:120)
	at TestCases.LoginPageTest.Test_WrongLogin(LoginPageTest.java:97)
</failure>
    <system-out>15:56:19.922 [main] INFO  TestCases.LoginPageTest - Test: Test_SignUpBtn == Passed
15:56:19.924 [main] INFO  TestCases.LoginPageTest - Testing Test_WrongLogin
</system-out>
  </testcase>
  <testcase name="Test_CorrectLogin" classname="TestCases.LoginPageTest" time="3.437"/>
  <testcase name="TitleTest" classname="TestCases.HomePageTest" time="0.007"/>
  <testcase name="Test_HomePageLogo" classname="TestCases.HomePageTest" time="0.142"/>
  <testcase name="Test_PartnerHome" classname="TestCases.HomePageTest" time="0.169"/>
  <testcase name="Test_ManageTeam" classname="TestCases.HomePageTest" time="0.149"/>
  <testcase name="Test_DealRegistrations" classname="TestCases.HomePageTest" time="0.166"/>
  <testcase name="Test_Opportunities" classname="TestCases.HomePageTest" time="0.161"/>
  <testcase name="Test_Accounts" classname="TestCases.HomePageTest" time="0.155"/>
  <testcase name="Test_Resources" classname="TestCases.HomePageTest" time="0.15"/>
  <testcase name="Test_MarketingCenter" classname="TestCases.HomePageTest" time="0.144"/>
  <testcase name="Test_Reports" classname="TestCases.HomePageTest" time="0.165"/>
  <testcase name="Test_Documents" classname="TestCases.HomePageTest" time="0.16"/>
  <testcase name="Test_DropDown" classname="TestCases.HomePageTest" time="0.843"/>
  <testcase name="Test_Training" classname="TestCases.HomePageTest" time="0.165"/>
  <testcase name="Test_MDF" classname="TestCases.HomePageTest" time="0.145"/>
  <testcase name="Test_Marketplace" classname="TestCases.HomePageTest" time="0.141"/>
  <testcase name="Test_MarketplacePublishing" classname="TestCases.HomePageTest" time="0.145"/>
  <testcase name="Test_Ideas" classname="TestCases.HomePageTest" time="0.157"/>
  <testcase name="Test_NewsFeed" classname="TestCases.HomePageTest" time="0.148"/>
  <testcase name="Test_PartnerTraining" classname="TestCases.HomePageTest" time="0.142"/>
  <testcase name="Test_PortalConfiguration" classname="TestCases.HomePageTest" time="0.162"/>
  <testcase name="Test_More" classname="TestCases.HomePageTest" time="0.144"/>
  <testcase name="Test_Accounts2" classname="TestCases.HomePageTest" time="0.899"/>
  <testcase name="Test_ApplianceRequestForm" classname="TestCases.HomePageTest" time="0.136"/>
  <testcase name="Test_Campaigns" classname="TestCases.HomePageTest" time="0.139"/>
  <testcase name="Test_Community" classname="TestCases.HomePageTest" time="0.141"/>
  <testcase name="Test_CustomerHome" classname="TestCases.HomePageTest" time="0.158"/>
  <testcase name="Test_DealRegistrations2" classname="TestCases.HomePageTest" time="0.161"/>
  <testcase name="Test_Directory" classname="TestCases.HomePageTest" time="0.141"/>
  <testcase name="Test_Documents2" classname="TestCases.HomePageTest" time="0.156"/>
  <testcase name="Test_EngagementDashboard" classname="TestCases.HomePageTest" time="0.137"/>
  <testcase name="Test_EventsCalendar2" classname="TestCases.HomePageTest" time="0.142"/>
  <testcase name="Test_TechStore" classname="TestCases.HomePageTest" time="0.139"/>
  <testcase name="Test_Forums" classname="TestCases.HomePageTest" time="0.146"/>
  <testcase name="Test_GoToMeeting" classname="TestCases.HomePageTest" time="0.148"/>
  <testcase name="Test_Groups" classname="TestCases.HomePageTest" time="0.142"/>
  <testcase name="Test_HelpTickets" classname="TestCases.HomePageTest" time="0.152"/>
  <testcase name="Test_Ideas2" classname="TestCases.HomePageTest" time="0.147"/>
  <testcase name="Test_KnowledgeBase" classname="TestCases.HomePageTest" time="0.145"/>
  <testcase name="Test_LLPlaybox" classname="TestCases.HomePageTest" time="0.151"/>
  <testcase name="Test_ManageTeam2" classname="TestCases.HomePageTest" time="0.15"/>
  <testcase name="Test_MarketingCenter2" classname="TestCases.HomePageTest" time="0.16"/>
  <testcase name="Test_Marketplace2" classname="TestCases.HomePageTest" time="0.148"/>
  <testcase name="Test_MarketplacePublishing2" classname="TestCases.HomePageTest" time="0.141"/>
  <testcase name="Test_MDFRequests" classname="TestCases.HomePageTest" time="0.141"/>
  <testcase name="Test_NewPartnerTraining" classname="TestCases.HomePageTest" time="0.137"/>
  <testcase name="Test_Newsfeed" classname="TestCases.HomePageTest" time="0.136"/>
  <testcase name="Test_Opportunities2" classname="TestCases.HomePageTest" time="0.142"/>
  <testcase name="Test_PartnerDashboard" classname="TestCases.HomePageTest" time="0.149"/>
  <testcase name="Test_PartnerHome2" classname="TestCases.HomePageTest" time="0.149"/>
  <testcase name="Test_Pipeline" classname="TestCases.HomePageTest" time="0.139"/>
  <testcase name="Test_Playbooks" classname="TestCases.HomePageTest" time="0.14"/>
  <testcase name="Test_PortalConfiguration2" classname="TestCases.HomePageTest" time="0.137"/>
  <testcase name="Test_PRMHome" classname="TestCases.HomePageTest" time="0.15"/>
  <testcase name="Test_Reports2" classname="TestCases.HomePageTest" time="0.141"/>
  <testcase name="Test_Resources2" classname="TestCases.HomePageTest" time="0.145"/>
  <testcase name="Test_StartHere" classname="TestCases.HomePageTest" time="0.151"/>
  <testcase name="Test_Training2" classname="TestCases.HomePageTest" time="0.139"/>
  <testcase name="Test_UpdateOpportunity" classname="TestCases.HomePageTest" time="0.137"/>
</testsuite>